Running on host frontier08383
Current working directory: /ccs/proj/ast218/hyperion/results/frontier/hip/20260113_141448
Job started at: Tue Jan 13 02:14:48 PM EST 2026
>>> ENTERED MAIN <<<
MAIN: before gpu_backend_init
INIT: rate_library_create(/ccs/proj/ast218/hyperion/data/ratelibrary-alpha.txt)
INIT: network_create(/ccs/proj/ast218/hyperion/data/network-alpha.txt)
CWD = /autofs/nccs-svm1_proj/ast218/hyperion/results/frontier/hip/20260113_141448
Trying to open file = /ccs/proj/ast218/hyperion/data/ratelibrary-alpha.txt
GPU_BACKEND_INIT (HIP) entered
hipGetDeviceCount returned 1 devices, err=0
Selected device 0
DEVICE_INIT entered (zones=8)
HYPERION_BURNER entered
KERNEL WRAPPER entered
KERNEL WRAPPER entered
KERNEL WRAPPER entered
KERNEL WRAPPER entered
KERNEL WRAPPER entered
KERNEL WRAPPER entered
KERNEL WRAPPER entered
KERNEL WRAPPER entered
HYPERION_BURNER entered
KERNEL WRAPPER entered
KERNEL WRAPPER entered
KERNEL WRAPPER entered
KERNEL WRAPPER entered
KERNEL WRAPPER entered
KERNEL WRAPPER entered
KERNEL WRAPPER entered
KERNEL WRAPPER entered
Initializing Hyperion...
Hyperion initialized.
Starting GPU backend init...
Selected HIP device 0
[bn_burner_gpu] device_init called with zones=8
[bn_burner_gpu] device_init completed successfully.
GPU backend init done.
Starting run_batch...
Allocating host arrays...
Host arrays allocated.
Copying initial conditions into xin...
Initial conditions copied.
Launching GPU burner kernel (warmup)...
[bn_burner_gpu] hyperion_burner_kernel: zones=8
[bn_burner_gpu] Launching kernel...
[bn_burner_gpu] Kernel execution completed.
[bn_burner_gpu] hyperion_burner_kernel: zones=8
[bn_burner_gpu] Launching kernel...
[bn_burner_gpu] Kernel execution completed.
[bn_burner_gpu] hyperion_burner_kernel: zones=8
[bn_burner_gpu] Launching kernel...
[bn_burner_gpu] Kernel execution completed.
[bn_burner_gpu] hyperion_burner_kernel: zones=8
[bn_burner_gpu] Launching kernel...
[bn_burner_gpu] Kernel execution completed.
[bn_burner_gpu] hyperion_burner_kernel: zones=8
[bn_burner_gpu] Launching kernel...
[bn_burner_gpu] Kernel execution completed.
[bn_burner_gpu] hyperion_burner_kernel: zones=8
[bn_burner_gpu] Launching kernel...
[bn_burner_gpu] Kernel execution completed.
[bn_burner_gpu] hyperion_burner_kernel: zones=8
[bn_burner_gpu] Launching kernel...
[bn_burner_gpu] Kernel execution completed.
[bn_burner_gpu] hyperion_burner_kernel: zones=8
[bn_burner_gpu] Launching kernel...
[bn_burner_gpu] Kernel execution completed.
[bn_burner_gpu] hyperion_burner_kernel: zones=8
[bn_burner_gpu] Launching kernel...
[bn_burner_gpu] Kernel execution completed.
[bn_burner_gpu] hyperion_burner_kernel: zones=8
[bn_burner_gpu] Launching kernel...
[bn_burner_gpu] Kernel execution completed.
[bn_burner_gpu] hyperion_burner_kernel: zones=8
[bn_burner_gpu] Launching kernel...
[bn_burner_gpu] Kernel execution completed.
[bn_burner_gpu] hyperion_burner_kernel: zones=8
[bn_burner_gpu] Launching kernel...
[bn_burner_gpu] Kernel execution completed.
[bn_burner_gpu] hyperion_burner_kernel: zones=8
[bn_burner_gpu] Launching kernel...
[bn_burner_gpu] Kernel execution completed.
[bn_burner_gpu] hyperion_burner_kernel: zones=8
[bn_burner_gpu] Launching kernel...
[bn_burner_gpu] Kernel execution completed.
[bn_burner_gpu] hyperion_burner_kernel: zones=8
[bn_burner_gpu] Launching kernel...
[bn_burner_gpu] Kernel execution completed.
[bn_burner_gpu] hyperion_burner_kernel: zones=8
[bn_burner_gpu] Launching kernel...
[bn_burner_gpu] Kernel execution completed.
Result:
   0 0.00000e+00
   1 4.99999e-01
   2 5.00000e-01
   3 0.00000e+00
   4 0.00000e+00
   5 0.00000e+00
   6 0.00000e+00
   7 0.00000e+00
   8 0.00000e+00
   9 0.00000e+00
  10 0.00000e+00
  11 0.00000e+00
  12 0.00000e+00
  13 0.00000e+00
  14 0.00000e+00
  15 0.00000e+00

Sdotrate for the batch.
sdot[0]: 0.00000e+00
sdot[1]: 0.00000e+00
sdot[2]: 0.00000e+00
sdot[3]: 0.00000e+00
sdot[4]: 0.00000e+00
sdot[5]: 0.00000e+00
sdot[6]: 0.00000e+00
sdot[7]: 0.00000e+00
Total cycles per run of batch (avg, rnded): 586167 
run_batch done.
Finalizing GPU backend...
[bn_burner_gpu] All device pointers freed.
GPU backend finalize done.
Job finished at: Tue Jan 13 02:14:50 PM EST 2026
