Running on host frontier04430
Current working directory: /ccs/proj/ast218/AC/hyperion/results/frontier/hip/20260305_115546
Job started at: Thu Mar  5 11:55:46 AM EST 2026
>>> ENTERED MAIN <<<
MAIN: before gpu_backend_init
INIT: rate_library_create(/ccs/proj/ast218/AC/hyperion/data/ratelibrary-150.txt)
INIT: network_create(/ccs/proj/ast218/AC/hyperion/data/network-150.txt)
CWD = /autofs/nccs-svm1_proj/ast218/AC/hyperion/results/frontier/hip/20260305_115546
Trying to open file = /ccs/proj/ast218/AC/hyperion/data/ratelibrary-150.txt
GPU_BACKEND_INIT (HIP) entered
hipGetDeviceCount returned 1 devices, err=0
Selected device 0
DEVICE_INIT entered (zones=8)
HYPERION_BURNER entered
KERNEL WRAPPER entered
HYPERION_BURNER entered
KERNEL WRAPPER entered
Initializing Hyperion...
Hyperion initialized.
Starting GPU backend init...
Selected HIP device 0
[bn_burner_gpu] device_init called with zones=8
[bn_burner_gpu] device_init completed successfully.
GPU backend init done.
Starting run_batch...
Allocating host arrays...
Host arrays allocated.
Copying initial conditions into xin...
Initial conditions copied.
Launching GPU burner kernel (warmup)...
[bn_burner_gpu] hyperion_burner_kernel: zones=8
[bn_burner_gpu] Launching kernel...
[bn_burner_gpu] Kernel execution completed.
[bn_burner_gpu] hyperion_burner_kernel: zones=8
[bn_burner_gpu] Launching kernel...
[bn_burner_gpu] Kernel execution completed.
Result:
   0 4.38924e-10
   1 1.07198e-04
   2 6.70440e-14
   3 9.12916e-10
   4 2.97247e-05
   5 6.21511e-15
   6 6.81034e-17
   7 1.96094e-13
   8 2.41370e-17
   9 2.73653e-20
  10 1.39303e-13
  11 3.79174e-14
  12 7.84775e-05
  13 4.33121e-09
  14 1.25155e-12
  15 2.59610e-09
  16 1.95161e-07
  17 4.24060e-11
  18 2.25060e-10
  19 1.91315e-07
  20 3.10915e-02
  21 1.58940e-09
  22 6.92644e-16
  23 6.38249e-08
  24 1.31381e-10
  25 2.30119e-12
  26 2.67513e-11
  27 1.57915e-11
  28 5.87060e-05
  29 8.63315e-10
  30 1.57929e-11
  31 1.02607e-08
  32 2.31942e-09
  33 3.72729e-08
  34 4.47815e-08
  35 2.25250e-03
  36 4.55806e-07
  37 2.33009e-08
  38 9.95275e-13
  39 3.81469e-07
  40 1.14080e-06
  41 1.08437e-05
  42 1.16740e-02
  43 2.18782e-05
  44 3.43491e-06
  45 1.60361e-11
  46 1.96444e-14
  47 2.32136e-06
  48 6.48908e-06
  49 1.17210e-05
  50 3.26205e-09
  51 2.22289e-10
  52 3.00156e-03
  53 2.64142e-05
  54 1.29682e-06
  55 1.39672e-10
  56 1.52905e-12
  57 3.41433e-07
  58 3.72742e-07
  59 6.64203e-06
  60 1.19233e-08
  61 6.80028e-10
  62 4.63210e-04
  63 3.36134e-06
  64 7.86149e-07
  65 6.53124e-11
  66 1.59298e-13
  67 1.72403e-08
  68 2.70806e-07
  69 4.52261e-06
  70 8.71836e-10
  71 2.38980e-11
  72 8.08473e-05
  73 6.32349e-07
  74 3.32081e-08
  75 6.81146e-11
  76 3.41941e-12
  77 2.34430e-15
  78 2.34135e-18
  79 3.37716e-22
  80 2.39867e-25
  81 6.72385e-09
  82 9.80521e-11
  83 1.41398e-10
  84 2.62530e-14
  85 2.02558e-15
  86 1.99409e-19
  87 7.25695e-21
  88 2.95786e-07
  89 2.54798e-08
  90 2.56687e-08
  91 2.27836e-10
  92 1.62981e-11
  93 4.60592e-14
  94 2.16025e-16
  95 2.95070e-10
  96 6.25208e-09
  97 5.39275e-10
  98 2.98014e-10
  99 3.61170e-13
 100 1.40832e-13
 101 2.32613e-08
 102 1.02576e-08
 103 1.29863e-08
 104 5.96874e-10
 105 1.08480e-10
 106 1.04002e-13
 107 6.76579e-16
 108 2.16759e-11
 109 5.90077e-09
 110 1.03970e-09
 111 1.29933e-09
 112 3.71994e-12
 113 4.95481e-13
 114 5.10781e-09
 115 4.85091e-09
 116 1.03179e-07
 117 5.45353e-09
 118 2.19398e-09
 119 7.69950e-13
 120 3.67022e-14
 121 1.88665e-13
 122 4.19511e-12
 123 3.77877e-08
 124 4.08472e-09
 125 1.01447e-08
 126 1.33493e-11
 127 5.53548e-12
 128 4.54790e-08
 129 2.79151e-08
 130 2.25048e-07
 131 5.50512e-09
 132 8.88801e-10
 133 9.82325e-13
 134 2.15772e-14
 135 9.17047e-14
 136 2.86985e-12
 137 5.24451e-10
 138 6.69206e-11
 139 7.92811e-11
 140 2.45566e-13
 141 4.72984e-14
 142 5.43055e-16
 143 6.42914e-12
 144 3.88499e-12
 145 3.24611e-11
 146 6.13220e-13
 147 3.30889e-13
 148 8.44590e-16
 149 4.06170e-17

Sdotrate for the batch.
sdot[0]: 4.59928e+16
sdot[1]: 1.25953e+16
sdot[2]: -nan
sdot[3]: -nan
sdot[4]: -nan
sdot[5]: -nan
sdot[6]: -nan
sdot[7]: 2.74914e+16
Total cycles per run of batch (avg, rnded): 92456415497 
run_batch done.
Finalizing GPU backend...
[bn_burner_gpu] All device pointers freed.
GPU backend finalize done.
Job finished at: Thu Mar  5 12:08:08 PM EST 2026
