Running on host frontier04210
Current working directory: /ccs/proj/ast218/AC/hyperion/results/frontier/hip/20260306_141441
Job started at: Fri Mar  6 02:14:41 PM EST 2026
>>> ENTERED MAIN <<<
MAIN: before gpu_backend_init
INIT: rate_library_create(/ccs/proj/ast218/AC/hyperion/data/ratelibrary-alpha.txt)
INIT: network_create(/ccs/proj/ast218/AC/hyperion/data/network-alpha.txt)
CWD = /autofs/nccs-svm1_proj/ast218/AC/hyperion/results/frontier/hip/20260306_141441
Trying to open file = /ccs/proj/ast218/AC/hyperion/data/ratelibrary-alpha.txt
GPU_BACKEND_INIT (HIP) entered
hipGetDeviceCount returned 1 devices, err=0
Selected device 0
DEVICE_INIT entered (zones=8)
HYPERION_BURNER entered
KERNEL WRAPPER entered
HYPERION_BURNER entered
KERNEL WRAPPER entered
Initializing Hyperion...
Hyperion initialized.
Starting GPU backend init...
Selected HIP device 0
[bn_burner_gpu] device_init called with zones=8
[bn_burner_gpu] device_init completed successfully.
GPU backend init done.
Starting run_batch...
Allocating host arrays...
Host arrays allocated.
Copying initial conditions into xin...
Initial conditions copied.
Launching GPU burner kernel (warmup)...
[bn_burner_gpu] hyperion_burner_kernel: zones=8
[bn_burner_gpu] Launching kernel...
[bn_burner_gpu] Kernel execution completed.
[bn_burner_gpu] hyperion_burner_kernel: zones=8
[bn_burner_gpu] Launching kernel...
[bn_burner_gpu] Kernel execution completed.
Result:
   0 1.33501e-04
   1 5.21260e-05
   2 2.08808e-02
   3 2.88806e-05
   4 2.89635e-03
   5 1.77786e-02
   6 2.82707e-03
   7 1.75159e-04
   8 2.08530e-06
   9 5.25355e-09
  10 2.41084e-12
  11 1.68471e-16
  12 4.62870e-21
  13 3.92611e-26
  14 1.73101e-31
  15 1.53550e-36

Sdotrate for the batch.
sdot[0]: 7.76884e+16
sdot[1]: 7.76884e+16
sdot[2]: 7.76884e+16
sdot[3]: 7.76884e+16
sdot[4]: 7.76884e+16
sdot[5]: 7.76884e+16
sdot[6]: 7.76884e+16
sdot[7]: 7.76884e+16
Total cycles per run of batch (avg, rnded): 699887092 
run_batch done.
Finalizing GPU backend...
[bn_burner_gpu] All device pointers freed.
GPU backend finalize done.
Job finished at: Fri Mar  6 02:14:49 PM EST 2026
