Running on host frontier03068
Current working directory: /autofs/nccs-svm1_proj/ast218/hyperion
Job started at: Wed Nov 19 02:09:25 PM EST 2025
devices on system: 1
device: 0 (23.936000 TFlops/s)
using device: AMD Instinct MI250X
arch: gfx90a:sramecc+:xnack-
dedicated gpu: yes
clock: 1700000
compute units: 220
estimated TFlops/s: 23.936000
beginning benchmark (AMD Instinct MI250X)
Output: {  0.000000  4.000000  12.000000  }
1: invalid argument
1: invalid argument
1: invalid argument
1: invalid argument
1: invalid argument
1: invalid argument
1: invalid argument
1: invalid argument
1: invalid argument
1: invalid argument
1: invalid argument
1: invalid argument
1: invalid argument
1: invalid argument
1: invalid argument
1: invalid argument
Result:
   0 6.95334e-310
   1 5.38698e-317
   2 5.97957e-317
   3 5.38698e-317
   4 0.00000e+00
   5 2.13588e-317
   6 2.16289e-317
   7 6.03759e-317
   8 4.24399e-314
   9 5.98059e-317
  10 0.00000e+00
  11 0.00000e+00
  12 0.00000e+00
  13 0.00000e+00
  14 0.00000e+00
  15 1.82492e-312
  16 7.11455e-322
  17 8.69556e-322
  18 0.00000e+00
  19 4.35277e-317
  20 2.31114e-317
  21 6.03768e-317
  22 0.00000e+00
  23 0.00000e+00
  24 3.37373e-317
  25 6.03768e-317
  26 0.00000e+00
  27 4.35281e-317
  28 6.07726e-317
  29 6.03768e-317
  30 6.36599e-314
  31 2.30620e-317
  32 0.00000e+00
  33 0.00000e+00
  34 0.00000e+00
  35 0.00000e+00
  36 0.00000e+00
  37 1.97626e-323
  38 1.58101e-321
  39 7.11455e-322
  40 0.00000e+00
  41 0.00000e+00
  42 4.35324e-317
  43 6.03775e-317
  44 0.00000e+00
  45 5.61693e-317
  46 5.09271e-317
  47 6.03775e-317
  48 4.24399e-314
  49 5.98059e-317
  50 0.00000e+00
  51 0.00000e+00
  52 0.00000e+00
  53 0.00000e+00
  54 0.00000e+00
  55 2.47033e-323
  56 2.29246e-321
  57 8.69556e-322
  58 0.00000e+00
  59 0.00000e+00
  60 6.03769e-317
  61 6.03784e-317
  62 0.00000e+00
  63 0.00000e+00
  64 3.37420e-317
  65 6.03784e-317
  66 0.00000e+00
  67 4.35296e-317
  68 2.20436e-317
  69 6.03784e-317
  70 6.36599e-314
  71 2.30620e-317
  72 0.00000e+00
  73 0.00000e+00
  74 0.00000e+00
  75 0.00000e+00
  76 0.00000e+00
  77 8.48798e-314
  78 3.16202e-321
  79 5.53354e-322
  80 4.35427e-317
  81 0.00000e+00
  82 3.37946e-317
  83 6.03789e-317
  84 2.12200e-314
  85 5.98040e-317
  86 0.00000e+00
  87 0.00000e+00
  88 0.00000e+00
  89 0.00000e+00
  90 0.00000e+00
  91 8.48798e-314
  92 0.00000e+00
  93 1.50690e-321
  94 2.20213e-317
  95 1.21542e-317
  96 3.51147e-317
  97 6.03796e-317
  98 0.00000e+00
  99 2.41362e-317
 100 6.02076e-317
 101 6.03796e-317
 102 4.24399e-314
 103 2.30586e-317
 104 0.00000e+00
 105 0.00000e+00
 106 0.00000e+00
 107 0.00000e+00
 108 0.00000e+00
 109 0.00000e+00
 110 0.00000e+00
 111 5.98059e-317
 112 7.90505e-322
 113 7.11455e-322
 114 0.00000e+00
 115 0.00000e+00
 116 2.20235e-317
 117 6.03804e-317
 118 0.00000e+00
 119 0.00000e+00
 120 2.13222e-317
 121 6.03804e-317
 122 4.24399e-314
 123 6.02434e-317
 124 0.00000e+00
 125 0.00000e+00
 126 0.00000e+00
 127 0.00000e+00
 128 0.00000e+00
 129 0.00000e+00
 130 5.21733e-321
 131 7.66790e-321
 132 -nan
 133 0.00000e+00
 134 6.03808e-317
 135 -nan
 136 0.00000e+00
 137 6.03812e-317
 138 -nan
 139 0.00000e+00
 140 0.00000e+00
 141 -nan
 142 0.00000e+00
 143 0.00000e+00
 144 -nan
 145 0.00000e+00
 146 0.00000e+00
 147 -nan
 148 0.00000e+00
 149 6.01386e-317

Sdotrate for the batch.
sdot[0]: 0.00000e+00
sdot[1]: 0.00000e+00
sdot[2]: 0.00000e+00
sdot[3]: 0.00000e+00
sdot[4]: 0.00000e+00
sdot[5]: 0.00000e+00
sdot[6]: 0.00000e+00
sdot[7]: 0.00000e+00
Total cycles per run of batch (avg, rnded): 103215 
Job finished at: Wed Nov 19 02:09:27 PM EST 2025
