Running on host frontier04596
Current working directory: /autofs/nccs-svm1_proj/ast218/hyperion
Job started at: Wed Nov 19 10:19:12 AM EST 2025
------ ROCMINFO ------
[37mROCk module version 6.14.14 is loaded[0m
=====================    
HSA System Attributes    
=====================    
Runtime Version:         1.14
Runtime Ext Version:     1.6
System Timestamp Freq.:  1000.000000MHz
Sig. Max Wait Duration:  18446744073709551615 (0xFFFFFFFFFFFFFFFF) (timestamp count)
Machine Model:           LARGE                              
System Endianness:       LITTLE                             
Mwaitx:                  DISABLED
DMAbuf Support:          YES

==========               
HSA Agents               
==========               
*******                  
Agent 1                  
*******                  
  Name:                    AMD EPYC 7A53 64-Core Processor    
  Uuid:                    CPU-XX                             
  Marketing Name:          AMD EPYC 7A53 64-Core Processor    
  Vendor Name:             CPU                                
  Feature:                 None specified                     
  Profile:                 FULL_PROFILE                       
  Float Round Mode:        NEAR                               
  Max Queue Number:        0(0x0)                             
  Queue Min Size:          0(0x0)                             
  Queue Max Size:          0(0x0)                             
  Queue Type:              MULTI                              
  Node:                    0                                  
  Device Type:             CPU                                
  Cache Info:              
    L1:                      32768(0x8000) KB                   
  Chip ID:                 0(0x0)                             
  ASIC Revision:           0(0x0)                             
  Cacheline Size:          64(0x40)                           
  Max Clock Freq. (MHz):   2000                               
  BDFID:                   0                                  
  Internal Node ID:        0                                  
  Compute Unit:            32                                 
  SIMDs per CU:            0                                  
  Shader Engines:          0                                  
  Shader Arrs. per Eng.:   0                                  
  WatchPts on Addr. Ranges:1                                  
  Memory Properties:       
  Features:                None
  Pool Info:               
    Pool 1                   
      Segment:                 GLOBAL; FLAGS: FINE GRAINED        
      Size:                    131604272(0x7d81f30) KB            
      Allocatable:             TRUE                               
      Alloc Granule:           4KB                                
      Alloc Recommended Granule:4KB                                
      Alloc Alignment:         4KB                                
      Accessible by all:       TRUE                               
    Pool 2                   
      Segment:                 GLOBAL; FLAGS: KERNARG, FINE GRAINED
      Size:                    131604272(0x7d81f30) KB            
      Allocatable:             TRUE                               
      Alloc Granule:           4KB                                
      Alloc Recommended Granule:4KB                                
      Alloc Alignment:         4KB                                
      Accessible by all:       TRUE                               
    Pool 3                   
      Segment:                 GLOBAL; FLAGS: COARSE GRAINED      
      Size:                    131604272(0x7d81f30) KB            
      Allocatable:             TRUE                               
      Alloc Granule:           4KB                                
      Alloc Recommended Granule:4KB                                
      Alloc Alignment:         4KB                                
      Accessible by all:       TRUE                               
  ISA Info:                
*******                  
Agent 2                  
*******                  
  Name:                    AMD EPYC 7A53 64-Core Processor    
  Uuid:                    CPU-XX                             
  Marketing Name:          AMD EPYC 7A53 64-Core Processor    
  Vendor Name:             CPU                                
  Feature:                 None specified                     
  Profile:                 FULL_PROFILE                       
  Float Round Mode:        NEAR                               
  Max Queue Number:        0(0x0)                             
  Queue Min Size:          0(0x0)                             
  Queue Max Size:          0(0x0)                             
  Queue Type:              MULTI                              
  Node:                    1                                  
  Device Type:             CPU                                
  Cache Info:              
    L1:                      32768(0x8000) KB                   
  Chip ID:                 0(0x0)                             
  ASIC Revision:           0(0x0)                             
  Cacheline Size:          64(0x40)                           
  Max Clock Freq. (MHz):   2000                               
  BDFID:                   0                                  
  Internal Node ID:        1                                  
  Compute Unit:            32                                 
  SIMDs per CU:            0                                  
  Shader Engines:          0                                  
  Shader Arrs. per Eng.:   0                                  
  WatchPts on Addr. Ranges:1                                  
  Memory Properties:       
  Features:                None
  Pool Info:               
    Pool 1                   
      Segment:                 GLOBAL; FLAGS: FINE GRAINED        
      Size:                    132110904(0x7dfda38) KB            
      Allocatable:             TRUE                               
      Alloc Granule:           4KB                                
      Alloc Recommended Granule:4KB                                
      Alloc Alignment:         4KB                                
      Accessible by all:       TRUE                               
    Pool 2                   
      Segment:                 GLOBAL; FLAGS: KERNARG, FINE GRAINED
      Size:                    132110904(0x7dfda38) KB            
      Allocatable:             TRUE                               
      Alloc Granule:           4KB                                
      Alloc Recommended Granule:4KB                                
      Alloc Alignment:         4KB                                
      Accessible by all:       TRUE                               
    Pool 3                   
      Segment:                 GLOBAL; FLAGS: COARSE GRAINED      
      Size:                    132110904(0x7dfda38) KB            
      Allocatable:             TRUE                               
      Alloc Granule:           4KB                                
      Alloc Recommended Granule:4KB                                
      Alloc Alignment:         4KB                                
      Accessible by all:       TRUE                               
  ISA Info:                
*******                  
Agent 3                  
*******                  
  Name:                    AMD EPYC 7A53 64-Core Processor    
  Uuid:                    CPU-XX                             
  Marketing Name:          AMD EPYC 7A53 64-Core Processor    
  Vendor Name:             CPU                                
  Feature:                 None specified                     
  Profile:                 FULL_PROFILE                       
  Float Round Mode:        NEAR                               
  Max Queue Number:        0(0x0)                             
  Queue Min Size:          0(0x0)                             
  Queue Max Size:          0(0x0)                             
  Queue Type:              MULTI                              
  Node:                    2                                  
  Device Type:             CPU                                
  Cache Info:              
    L1:                      32768(0x8000) KB                   
  Chip ID:                 0(0x0)                             
  ASIC Revision:           0(0x0)                             
  Cacheline Size:          64(0x40)                           
  Max Clock Freq. (MHz):   2000                               
  BDFID:                   0                                  
  Internal Node ID:        2                                  
  Compute Unit:            32                                 
  SIMDs per CU:            0                                  
  Shader Engines:          0                                  
  Shader Arrs. per Eng.:   0                                  
  WatchPts on Addr. Ranges:1                                  
  Memory Properties:       
  Features:                None
  Pool Info:               
    Pool 1                   
      Segment:                 GLOBAL; FLAGS: FINE GRAINED        
      Size:                    132069580(0x7df38cc) KB            
      Allocatable:             TRUE                               
      Alloc Granule:           4KB                                
      Alloc Recommended Granule:4KB                                
      Alloc Alignment:         4KB                                
      Accessible by all:       TRUE                               
    Pool 2                   
      Segment:                 GLOBAL; FLAGS: KERNARG, FINE GRAINED
      Size:                    132069580(0x7df38cc) KB            
      Allocatable:             TRUE                               
      Alloc Granule:           4KB                                
      Alloc Recommended Granule:4KB                                
      Alloc Alignment:         4KB                                
      Accessible by all:       TRUE                               
    Pool 3                   
      Segment:                 GLOBAL; FLAGS: COARSE GRAINED      
      Size:                    132069580(0x7df38cc) KB            
      Allocatable:             TRUE                               
      Alloc Granule:           4KB                                
      Alloc Recommended Granule:4KB                                
      Alloc Alignment:         4KB                                
      Accessible by all:       TRUE                               
  ISA Info:                
*******                  
Agent 4                  
*******                  
  Name:                    AMD EPYC 7A53 64-Core Processor    
  Uuid:                    CPU-XX                             
  Marketing Name:          AMD EPYC 7A53 64-Core Processor    
  Vendor Name:             CPU                                
  Feature:                 None specified                     
  Profile:                 FULL_PROFILE                       
  Float Round Mode:        NEAR                               
  Max Queue Number:        0(0x0)                             
  Queue Min Size:          0(0x0)                             
  Queue Max Size:          0(0x0)                             
  Queue Type:              MULTI                              
  Node:                    3                                  
  Device Type:             CPU                                
  Cache Info:              
    L1:                      32768(0x8000) KB                   
  Chip ID:                 0(0x0)                             
  ASIC Revision:           0(0x0)                             
  Cacheline Size:          64(0x40)                           
  Max Clock Freq. (MHz):   2000                               
  BDFID:                   0                                  
  Internal Node ID:        3                                  
  Compute Unit:            32                                 
  SIMDs per CU:            0                                  
  Shader Engines:          0                                  
  Shader Arrs. per Eng.:   0                                  
  WatchPts on Addr. Ranges:1                                  
  Memory Properties:       
  Features:                None
  Pool Info:               
    Pool 1                   
      Segment:                 GLOBAL; FLAGS: FINE GRAINED        
      Size:                    131007244(0x7cf030c) KB            
      Allocatable:             TRUE                               
      Alloc Granule:           4KB                                
      Alloc Recommended Granule:4KB                                
      Alloc Alignment:         4KB                                
      Accessible by all:       TRUE                               
    Pool 2                   
      Segment:                 GLOBAL; FLAGS: KERNARG, FINE GRAINED
      Size:                    131007244(0x7cf030c) KB            
      Allocatable:             TRUE                               
      Alloc Granule:           4KB                                
      Alloc Recommended Granule:4KB                                
      Alloc Alignment:         4KB                                
      Accessible by all:       TRUE                               
    Pool 3                   
      Segment:                 GLOBAL; FLAGS: COARSE GRAINED      
      Size:                    131007244(0x7cf030c) KB            
      Allocatable:             TRUE                               
      Alloc Granule:           4KB                                
      Alloc Recommended Granule:4KB                                
      Alloc Alignment:         4KB                                
      Accessible by all:       TRUE                               
  ISA Info:                
*******                  
Agent 5                  
*******                  
  Name:                    gfx90a                             
  Uuid:                    GPU-53af50283a0646f8               
  Marketing Name:          AMD Instinct MI250X                
  Vendor Name:             AMD                                
  Feature:                 KERNEL_DISPATCH                    
  Profile:                 BASE_PROFILE                       
  Float Round Mode:        NEAR                               
  Max Queue Number:        128(0x80)                          
  Queue Min Size:          64(0x40)                           
  Queue Max Size:          131072(0x20000)                    
  Queue Type:              MULTI                              
  Node:                    4                                  
  Device Type:             GPU                                
  Cache Info:              
    L1:                      16(0x10) KB                        
    L2:                      8192(0x2000) KB                    
  Chip ID:                 29704(0x7408)                      
  ASIC Revision:           1(0x1)                             
  Cacheline Size:          128(0x80)                          
  Max Clock Freq. (MHz):   1700                               
  BDFID:                   49408                              
  Internal Node ID:        4                                  
  Compute Unit:            110                                
  SIMDs per CU:            4                                  
  Shader Engines:          8                                  
  Shader Arrs. per Eng.:   1                                  
  WatchPts on Addr. Ranges:4                                  
  Coherent Host Access:    TRUE                               
  Memory Properties:       
  Features:                KERNEL_DISPATCH 
  Fast F16 Operation:      TRUE                               
  Wavefront Size:          64(0x40)                           
  Workgroup Max Size:      1024(0x400)                        
  Workgroup Max Size per Dimension:
    x                        1024(0x400)                        
    y                        1024(0x400)                        
    z                        1024(0x400)                        
  Max Waves Per CU:        32(0x20)                           
  Max Work-item Per CU:    2048(0x800)                        
  Grid Max Size:           4294967295(0xffffffff)             
  Grid Max Size per Dimension:
    x                        4294967295(0xffffffff)             
    y                        4294967295(0xffffffff)             
    z                        4294967295(0xffffffff)             
  Max fbarriers/Workgrp:   32                                 
  Packet Processor uCode:: 96                                 
  SDMA engine uCode::      9                                  
  IOMMU Support::          None                               
  Pool Info:               
    Pool 1                   
      Segment:                 GLOBAL; FLAGS: COARSE GRAINED      
      Size:                    67092480(0x3ffc000) KB             
      Allocatable:             TRUE                               
      Alloc Granule:           4KB                                
      Alloc Recommended Granule:2048KB                             
      Alloc Alignment:         4KB                                
      Accessible by all:       FALSE                              
    Pool 2                   
      Segment:                 GLOBAL; FLAGS: EXTENDED FINE GRAINED
      Size:                    67092480(0x3ffc000) KB             
      Allocatable:             TRUE                               
      Alloc Granule:           4KB                                
      Alloc Recommended Granule:2048KB                             
      Alloc Alignment:         4KB                                
      Accessible by all:       FALSE                              
    Pool 3                   
      Segment:                 GLOBAL; FLAGS: FINE GRAINED        
      Size:                    67092480(0x3ffc000) KB             
      Allocatable:             TRUE                               
      Alloc Granule:           4KB                                
      Alloc Recommended Granule:2048KB                             
      Alloc Alignment:         4KB                                
      Accessible by all:       FALSE                              
    Pool 4                   
      Segment:                 GROUP                              
      Size:                    64(0x40) KB                        
      Allocatable:             FALSE                              
      Alloc Granule:           0KB                                
      Alloc Recommended Granule:0KB                                
      Alloc Alignment:         0KB                                
      Accessible by all:       FALSE                              
  ISA Info:                
    ISA 1                    
      Name:                    amdgcn-amd-amdhsa--gfx90a:sramecc+:xnack-
      Machine Models:          HSA_MACHINE_MODEL_LARGE            
      Profiles:                HSA_PROFILE_BASE                   
      Default Rounding Mode:   NEAR                               
      Default Rounding Mode:   NEAR                               
      Fast f16:                TRUE                               
      Workgroup Max Size:      1024(0x400)                        
      Workgroup Max Size per Dimension:
        x                        1024(0x400)                        
        y                        1024(0x400)                        
        z                        1024(0x400)                        
      Grid Max Size:           4294967295(0xffffffff)             
      Grid Max Size per Dimension:
        x                        4294967295(0xffffffff)             
        y                        4294967295(0xffffffff)             
        z                        4294967295(0xffffffff)             
      FBarrier Max Size:       32                                 
*** Done ***             
------ HIPCONFIG ------
HIP version: 6.2.41134-65d174c3e

==hipconfig
HIP_PATH           :/opt/rocm-6.2.4
ROCM_PATH          :/opt/rocm-6.2.4
HIP_COMPILER       :clang
HIP_PLATFORM       :amd
HIP_RUNTIME        :rocclr
CPP_CONFIG         : -D__HIP_PLATFORM_HCC__= -D__HIP_PLATFORM_AMD__= -I/opt/rocm-6.2.4/include -I/include

==hip-clang
HIP_CLANG_PATH     :/opt/rocm-6.2.4/lib/llvm/bin
AMD clang version 18.0.0git (https://github.com/RadeonOpenCompute/llvm-project roc-6.2.4 24392 1e2c94795ee0d6ab8e2ff3035965a6b74e11b475)
Target: x86_64-unknown-linux-gnu
Thread model: posix
InstalledDir: /opt/rocm-6.2.4/lib/llvm/bin
Configuration file: /opt/rocm-6.2.4/lib/llvm/bin/clang++.cfg
AMD LLVM version 18.0.0git
  Optimized build.
  Default target: x86_64-unknown-linux-gnu
  Host CPU: znver3

  Registered Targets:
    amdgcn - AMD GCN GPUs
    r600   - AMD GPUs HD2XXX-HD6XXX
    x86    - 32-bit X86: Pentium-Pro and above
    x86-64 - 64-bit X86: EM64T and AMD64
hip-clang-cxxflags :
 -O3
hip-clang-ldflags :
--driver-mode=g++ -O3 -L/opt/rocm-6.2.4/lib --hip-link

== Environment Variables
PATH =/sw/frontier/spack-envs/cpe24.11-cpu/opt/rocmcc-6.2.4/hdf5-1.14.5-m22e2wy4fepmi3fr6sev5inrxshzibvh/bin:/opt/rocm-6.2.4/bin:/opt/cray/pe/mpich/8.1.31/ofi/amd/6.0/bin:/opt/cray/pe/mpich/8.1.31/bin:/opt/cray/libfabric/1.22.0/bin:/opt/cray/pe/craype/2.7.33/bin:/opt/clmgr/sbin:/opt/clmgr/bin:/opt/sgi/sbin:/opt/sgi/bin:/sw/frontier/bin:/usr/local/bin:/usr/bin:/bin:/opt/bin:/opt/c3/bin:/usr/lib/mit/bin:/opt/puppetlabs/bin:/opt/cray/pe/bin
LD_LIBRARY_PATH=/opt/rocm-6.2.4/lib/roctracer:/opt/rocm-6.2.4/lib/rocprofiler:/opt/rocm-6.2.4/lib:/opt/cray/libfabric/1.22.0/lib64:/opt/rocm-6.2.4/llvm/lib:/sw/frontier/spack-envs/cpe24.11-cpu/opt/rocmcc-6.2.4/hdf5-1.14.5-m22e2wy4fepmi3fr6sev5inrxshzibvh/lib
HIP_LIB_PATH=/opt/rocm-6.2.4/lib

== Linux Kernel
Hostname      :
frontier04596
Linux frontier04596 6.4.0-150600.23.47_15.0.10-cray_shasta_c #1 SMP Mon Apr 28 14:04:47 UTC 2025 (fd865db) x86_64 x86_64 x86_64 GNU/Linux
LSB Version:	n/a
Distributor ID:	SUSE
Description:	SUSE Linux Enterprise Server 15 SP6
Release:	15.6
Codename:	n/a

devices on system: 1
device: 0 (23.936000 TFlops/s)
using device: AMD Instinct MI250X
arch: gfx90a:sramecc+:xnack-
dedicated gpu: yes
clock: 1700000
compute units: 220
estimated TFlops/s: 23.936000
beginning benchmark (AMD Instinct MI250X)
Output: {  0.000000  4.000000  12.000000  }
0: no error
0: no error
0: no error
0: no error
0: no error
0: no error
0: no error
0: no error
0: no error
0: no error
0: no error
0: no error
0: no error
0: no error
0: no error
0: no error
Result:
   0 5.34007e-04
   1 6.25510e-04
   2 3.34087e-01
   3 5.77603e-04
   4 6.95086e-02
   5 4.97808e-01
   6 9.04689e-02
   7 6.30600e-03
   8 8.34186e-05
   9 2.31176e-07
  10 1.15733e-10
  11 8.76165e-15
  12 2.59248e-19
  13 2.35607e-24
  14 1.10805e-29
  15 1.04435e-34

Sdotrate for the batch.
sdot[0]: 0.00000e+00
sdot[1]: 0.00000e+00
sdot[2]: 0.00000e+00
sdot[3]: 0.00000e+00
sdot[4]: 0.00000e+00
sdot[5]: 0.00000e+00
sdot[6]: 0.00000e+00
sdot[7]: 0.00000e+00
Total cycles per run of batch (avg, rnded): 38965432357 
Job finished at: Wed Nov 19 10:24:27 AM EST 2025
