Running on host frontier05401
Current working directory: /autofs/nccs-svm1_proj/ast218/hyperion
Job started at: Wed Nov 12 12:53:42 PM EST 2025
Total cycles per run of batch (avg, rnded): 456854805 
Result:
   0 1.14495e-13
   1 1.95128e-04
   2 8.33766e-17
   3 8.15033e-27
   4 4.76549e-03
   5 3.99953e-22
   6 1.93405e-23
   7 1.35624e-28
   8 8.27872e-18
   9 6.27407e-39
  10 3.96160e-30
  11 1.22141e-21
  12 7.57091e-19
  13 7.36125e-20
  14 8.57723e-21
  15 2.28659e-29
  16 1.56707e-25
  17 1.91001e-16
  18 1.86011e-39
  19 1.80462e-28
  20 5.47698e-24
  21 4.06640e-26
  22 1.89360e-25
  23 1.01583e-32
  24 1.51439e-29
  25 2.74242e-28
  26 1.61673e-32
  27 1.79049e-29
  28 6.86238e-29
  29 5.52480e-25
  30 4.42270e-27
  31 1.45117e-32
  32 1.43676e-30
  33 3.58214e-26
  34 7.11081e-37
  35 6.48638e-26
  36 2.77481e-21
  37 8.49857e-18
  38 8.02649e-43
  39 1.24956e-34
  40 2.20895e-29
  41 7.17195e-16
  42 2.14477e-18
  43 1.36232e-16
  44 4.49738e-11
  45 9.17344e-08
  46 3.44783e-13
  47 9.18757e-30
  48 6.39734e-22
  49 9.90506e-13
  50 1.51614e-12
  51 4.06829e-08
  52 1.11183e-17
  53 4.44544e-12
  54 9.84809e-04
  55 5.75001e-07
  56 3.78752e-07
  57 2.64345e-24
  58 1.54243e-18
  59 5.03158e-14
  60 9.54528e-12
  61 9.94024e-01
  62 4.47288e-11
  63 9.77667e-12
  64 1.38809e-05
  65 1.59188e-08
  66 1.25141e-05
  67 4.29830e-19
  68 8.87496e-18
  69 4.35695e-13
  70 1.67211e-11
  71 2.70215e-06
  72 4.74238e-10
  73 1.27143e-12
  74 4.30681e-11
  75 9.14067e-14
  76 3.26395e-13
  77 7.89882e-15
  78 2.28176e-23
  79 3.23754e-24
  80 4.48143e-23
  81 6.44175e-16
  82 3.95559e-17
  83 6.07870e-17
  84 8.51935e-17
  85 1.47632e-20
  86 1.81983e-23
  87 2.42783e-22
  88 6.55779e-18
  89 1.71274e-18
  90 4.23867e-18
  91 9.83247e-20
  92 4.16606e-21
  93 1.18965e-22
  94 3.62193e-22
  95 7.58519e-28
  96 4.65339e-23
  97 1.23553e-23
  98 1.94364e-24
  99 7.33632e-26
 100 5.84035e-24
 101 9.66949e-27
 102 2.42220e-27
 103 2.52745e-26
 104 4.04403e-28
 105 1.10280e-28
 106 2.02314e-31
 107 3.26988e-28
 108 2.92002e-35
 109 3.82984e-33
 110 2.90150e-32
 111 9.52885e-33
 112 1.75133e-34
 113 2.89945e-30
 114 2.01097e-34
 115 2.09548e-35
 116 4.77743e-35
 117 1.26045e-36
 118 1.51376e-35
 119 2.62453e-38
 120 2.37510e-35
 121 7.15578e-44
 122 4.61189e-43
 123 2.74535e-41
 124 7.39828e-42
 125 1.48276e-40
 126 7.85681e-43
 127 5.74964e-37
 128 1.20677e-43
 129 1.62386e-44
 130 6.96962e-43
 131 1.64818e-44
 132 6.91842e-43
 133 1.97107e-44
 134 2.35628e-41
 135 9.27339e-56
 136 2.55480e-53
 137 1.05146e-51
 138 4.65149e-52
 139 6.86394e-49
 140 3.67483e-50
 141 4.10036e-44
 142 3.78048e-55
 143 2.59809e-54
 144 8.65488e-54
 145 6.94959e-52
 146 4.71260e-52
 147 1.50467e-50
 148 6.34067e-51
 149 1.91104e-46

Sdotrate for the batch.
sdot: 3.63240e+24
sdot: 0.00000e+00
sdot: 0.00000e+00
sdot: 0.00000e+00
sdot: 0.00000e+00
sdot: 0.00000e+00
sdot: 0.00000e+00
sdot: 0.00000e+00
Job finished at: Wed Nov 12 12:55:10 PM EST 2025
